<?xml version="1.0" encoding="UTF-8"?>
<testng-results ignored="0" total="1" passed="1" failed="0" skipped="0">
  <reporter-output>
  </reporter-output>
  <suite started-at="2021-10-09T23:55:08 EDT" name="Default suite" finished-at="2021-10-09T23:56:16 EDT" duration-ms="67776">
    <groups>
    </groups>
    <test started-at="2021-10-09T23:55:08 EDT" name="Default test" finished-at="2021-10-09T23:56:16 EDT" duration-ms="67776">
      <class name="test.ChangeAccountInfoTest">
        <test-method signature="validUserShouldBeAbleToChangeAccountInfo()[pri:0, instance:test.ChangeAccountInfoTest@5e316c74]" started-at="2021-10-09T23:55:08 EDT" name="validUserShouldBeAbleToChangeAccountInfo" finished-at="2021-10-09T23:56:16 EDT" duration-ms="67627" status="PASS">
          <reporter-output>
          </reporter-output>
        </test-method> <!-- validUserShouldBeAbleToChangeAccountInfo -->
      </class> <!-- test.ChangeAccountInfoTest -->
    </test> <!-- Default test -->
  </suite> <!-- Default suite -->
</testng-results>
